2024-09-20T09:35:38.889Z [info]: server is running..
2024-09-20T09:35:38.936Z [info]: connected to mongodb...
2024-09-20T09:35:46.393Z [info]: server is running..
2024-09-20T09:35:46.468Z [info]: connected to mongodb...
2024-09-20T09:35:50.725Z [info]: server is running..
2024-09-20T09:35:50.761Z [info]: connected to mongodb...
2024-09-20T09:36:04.834Z [info]: Incoming request: POST /passenger/register
2024-09-20T09:36:04.842Z [warn]: Add passenger failed: Passenger with email shraddha@gmail.com already exists.
2024-09-20T09:36:04.854Z [info]: Response status: 400
2024-09-20T09:38:50.895Z [info]: server is running..
2024-09-20T09:38:50.925Z [info]: connected to mongodb...
2024-09-20T09:38:59.349Z [info]: List of trains retrieved successfully.
2024-09-20T09:39:24.119Z [info]: List of trains retrieved successfully.
2024-09-20T09:39:25.575Z [info]: List of trains retrieved successfully.
2024-09-20T09:42:43.942Z [info]: server is running..
2024-09-20T09:42:43.973Z [info]: connected to mongodb...
2024-09-20T09:43:03.154Z [info]: server is running..
2024-09-20T09:43:03.216Z [info]: connected to mongodb...
2024-09-20T09:43:22.174Z [info]: server is running..
2024-09-20T09:43:22.213Z [info]: connected to mongodb...
2024-09-20T09:43:25.895Z [info]: server is running..
2024-09-20T09:43:26.020Z [info]: connected to mongodb...
2024-09-20T09:43:29.840Z [info]: server is running..
2024-09-20T09:43:29.879Z [info]: connected to mongodb...
2024-09-20T09:43:34.842Z [info]: server is running..
2024-09-20T09:43:34.882Z [info]: connected to mongodb...
2024-09-20T09:43:47.642Z [info]: List of trains retrieved successfully.
2024-09-20T10:18:13.643Z [error]: uncaughtException: argument handler must be a function
TypeError: argument handler must be a function
    at Route.<computed> [as get] (C:\Users\shrad\Desktop\railwayReservation\node_modules\router\lib\route.js:230:15)
    at Router.<computed> [as get] (C:\Users\shrad\Desktop\railwayReservation\node_modules\router\index.js:441:19)
    at Object.<anonymous> (C:\Users\shrad\Desktop\railwayReservation\src\Routes\reservationRout.js:15:8)
    at Module._compile (node:internal/modules/cjs/loader:1358:14)
    at Module._extensions..js (node:internal/modules/cjs/loader:1416:10)
    at Module.load (node:internal/modules/cjs/loader:1208:32)
    at Module._load (node:internal/modules/cjs/loader:1024:12)
    at Module.require (node:internal/modules/cjs/loader:1233:19)
    at require (node:internal/modules/helpers:179:18)
    at Object.<anonymous> (C:\Users\shrad\Desktop\railwayReservation\server.js:13:25)
2024-09-20T10:18:21.542Z [error]: uncaughtException: argument handler must be a function
TypeError: argument handler must be a function
    at Route.<computed> [as get] (C:\Users\shrad\Desktop\railwayReservation\node_modules\router\lib\route.js:230:15)
    at Router.<computed> [as get] (C:\Users\shrad\Desktop\railwayReservation\node_modules\router\index.js:441:19)
    at Object.<anonymous> (C:\Users\shrad\Desktop\railwayReservation\src\Routes\reservationRout.js:15:8)
    at Module._compile (node:internal/modules/cjs/loader:1358:14)
    at Module._extensions..js (node:internal/modules/cjs/loader:1416:10)
    at Module.load (node:internal/modules/cjs/loader:1208:32)
    at Module._load (node:internal/modules/cjs/loader:1024:12)
    at Module.require (node:internal/modules/cjs/loader:1233:19)
    at require (node:internal/modules/helpers:179:18)
    at Object.<anonymous> (C:\Users\shrad\Desktop\railwayReservation\server.js:13:25)
